2021-03-05T08:30:28+00:00 Emiles-MacBook-Pro.local#00 I: Runner: processes
2021-03-05T08:30:28+00:00 Emiles-MacBook-Pro.local#00 I: Chooser: simple
2021-03-05T08:30:28+00:00 Emiles-MacBook-Pro.local#00 I: Configuration suite_name = "all"
2021-03-05T08:30:28+00:00 Emiles-MacBook-Pro.local#00 I: Configuration cache_filename = "/Users/emile/Desktop/SmoreYear/winter/CS4/Assignment6/oUnit-$(suite_name).cache"
2021-03-05T08:30:28+00:00 Emiles-MacBook-Pro.local#00 I: Configuration run_gc_full_major = "true"
2021-03-05T08:30:28+00:00 Emiles-MacBook-Pro.local#00 I: Configuration display = "true"
2021-03-05T08:30:28+00:00 Emiles-MacBook-Pro.local#00 I: Configuration results_style_1_X = "false"
2021-03-05T08:30:28+00:00 Emiles-MacBook-Pro.local#00 I: Configuration testdata_dir = "none"
2021-03-05T08:30:28+00:00 Emiles-MacBook-Pro.local#00 I: Configuration health_check_interval = "1."
2021-03-05T08:30:28+00:00 Emiles-MacBook-Pro.local#00 I: Configuration verbose = "false"
2021-03-05T08:30:28+00:00 Emiles-MacBook-Pro.local#00 I: Configuration chooser = "simple"
2021-03-05T08:30:28+00:00 Emiles-MacBook-Pro.local#00 I: Configuration output_html_dir = "none"
2021-03-05T08:30:28+00:00 Emiles-MacBook-Pro.local#00 I: Configuration processes_kill_period = "5."
2021-03-05T08:30:28+00:00 Emiles-MacBook-Pro.local#00 I: Configuration runner = "processes"
2021-03-05T08:30:28+00:00 Emiles-MacBook-Pro.local#00 I: Configuration shards = "2"
2021-03-05T08:30:28+00:00 Emiles-MacBook-Pro.local#00 I: Configuration processes_grace_period = "5."
2021-03-05T08:30:28+00:00 Emiles-MacBook-Pro.local#00 I: Configuration log_encoding = "utf-8"
2021-03-05T08:30:28+00:00 Emiles-MacBook-Pro.local#00 I: Configuration output_junit_file = "none"
2021-03-05T08:30:28+00:00 Emiles-MacBook-Pro.local#00 I: Configuration ci = "false"
2021-03-05T08:30:28+00:00 Emiles-MacBook-Pro.local#00 I: Configuration output_file = "/Users/emile/Desktop/SmoreYear/winter/CS4/Assignment6/oUnit-$(suite_name)-$(shard_id).log"
2021-03-05T08:30:28+00:00 Emiles-MacBook-Pro.local#00 I: Using 2 workers maximum.
2021-03-05T08:30:28+00:00 Emiles-MacBook-Pro.local#00 I: Starting worker number Emiles-MacBook-Pro.local#01.
2021-03-05T08:30:28+00:00 Emiles-MacBook-Pro.local#00 I: Worker Emiles-MacBook-Pro.local#01 started.
2021-03-05T08:30:28+00:00 Emiles-MacBook-Pro.local#00 I: Starting worker number Emiles-MacBook-Pro.local#02.
2021-03-05T08:30:28+00:00 Emiles-MacBook-Pro.local#00 I: Worker Emiles-MacBook-Pro.local#02 started.
2021-03-05T08:30:28+00:00 Emiles-MacBook-Pro.local#00 I: 2 tests running: all:1:Problem B.2, all:0:Problem B.1.
2021-03-05T08:30:28+00:00 Emiles-MacBook-Pro.local#01 I: Start test all:0:Problem B.1.
2021-03-05T08:30:28+00:00 Emiles-MacBook-Pro.local#00 I: 2 tests running: all:1:Problem B.2, all:0:Problem B.1.
2021-03-05T08:30:28+00:00 Emiles-MacBook-Pro.local#02 I: Start test all:1:Problem B.2.
2021-03-05T08:30:28+00:00 Emiles-MacBook-Pro.local#00 I: 2 tests running: all:1:Problem B.2, all:0:Problem B.1.
2021-03-05T08:30:28+00:00 Emiles-MacBook-Pro.local#01 I: Test all:0:Problem B.1 is successful.
2021-03-05T08:30:28+00:00 Emiles-MacBook-Pro.local#00 I: 2 tests running: all:1:Problem B.2, all:0:Problem B.1.
2021-03-05T08:30:28+00:00 Emiles-MacBook-Pro.local#01 I: End test all:0:Problem B.1.
2021-03-05T08:30:28+00:00 Emiles-MacBook-Pro.local#00 I: 2 tests running: all:1:Problem B.2, all:0:Problem B.1.
2021-03-05T08:30:28+00:00 Emiles-MacBook-Pro.local#00 I: 2 tests running: all:2:Problem C.1, all:1:Problem B.2.
2021-03-05T08:30:28+00:00 Emiles-MacBook-Pro.local#01 I: Start test all:2:Problem C.1.
2021-03-05T08:30:28+00:00 Emiles-MacBook-Pro.local#00 I: 2 tests running: all:2:Problem C.1, all:1:Problem B.2.
2021-03-05T08:30:28+00:00 Emiles-MacBook-Pro.local#02 I: Test all:1:Problem B.2 is successful.
2021-03-05T08:30:28+00:00 Emiles-MacBook-Pro.local#00 I: 2 tests running: all:2:Problem C.1, all:1:Problem B.2.
2021-03-05T08:30:28+00:00 Emiles-MacBook-Pro.local#02 I: End test all:1:Problem B.2.
2021-03-05T08:30:28+00:00 Emiles-MacBook-Pro.local#00 I: 2 tests running: all:2:Problem C.1, all:1:Problem B.2.
2021-03-05T08:30:28+00:00 Emiles-MacBook-Pro.local#00 I: Still 2 tests running : all:3:Problem C.2, all:2:Problem C.1.
2021-03-05T08:30:28+00:00 Emiles-MacBook-Pro.local#00 I: 2 tests running: all:3:Problem C.2, all:2:Problem C.1.
2021-03-05T08:30:28+00:00 Emiles-MacBook-Pro.local#02 I: Start test all:3:Problem C.2.
2021-03-05T08:30:28+00:00 Emiles-MacBook-Pro.local#00 I: Still 2 tests running : all:3:Problem C.2, all:2:Problem C.1.
2021-03-05T08:30:28+00:00 Emiles-MacBook-Pro.local#00 I: 2 tests running: all:3:Problem C.2, all:2:Problem C.1.
2021-03-05T08:30:28+00:00 Emiles-MacBook-Pro.local#01 I: Test all:2:Problem C.1 is successful.
2021-03-05T08:30:28+00:00 Emiles-MacBook-Pro.local#00 I: Still 2 tests running : all:3:Problem C.2, all:2:Problem C.1.
2021-03-05T08:30:28+00:00 Emiles-MacBook-Pro.local#00 I: 2 tests running: all:3:Problem C.2, all:2:Problem C.1.
2021-03-05T08:30:28+00:00 Emiles-MacBook-Pro.local#01 I: End test all:2:Problem C.1.
2021-03-05T08:30:28+00:00 Emiles-MacBook-Pro.local#00 I: Still 2 tests running : all:3:Problem C.2, all:2:Problem C.1.
2021-03-05T08:30:28+00:00 Emiles-MacBook-Pro.local#00 I: 2 tests running: all:3:Problem C.2, all:2:Problem C.1.
2021-03-05T08:30:28+00:00 Emiles-MacBook-Pro.local#00 I: Still 1 tests running : all:3:Problem C.2.
2021-03-05T08:30:28+00:00 Emiles-MacBook-Pro.local#00 I: 1 tests running: all:3:Problem C.2.
2021-03-05T08:30:28+00:00 Emiles-MacBook-Pro.local#02 I: Test all:3:Problem C.2 is successful.
2021-03-05T08:30:28+00:00 Emiles-MacBook-Pro.local#00 I: Still 1 tests running : all:3:Problem C.2.
2021-03-05T08:30:28+00:00 Emiles-MacBook-Pro.local#00 I: 1 tests running: all:3:Problem C.2.
2021-03-05T08:30:28+00:00 Emiles-MacBook-Pro.local#02 I: End test all:3:Problem C.2.
2021-03-05T08:30:28+00:00 Emiles-MacBook-Pro.local#00 I: Still 1 tests running : all:3:Problem C.2.
2021-03-05T08:30:28+00:00 Emiles-MacBook-Pro.local#00 I: 1 tests running: all:3:Problem C.2.
2021-03-05T08:30:28+00:00 Emiles-MacBook-Pro.local#00 I: 0 tests running: .
2021-03-05T08:30:28+00:00 Emiles-MacBook-Pro.local#00 I: Worker Emiles-MacBook-Pro.local#01 has ended.
2021-03-05T08:30:28+00:00 Emiles-MacBook-Pro.local#00 I: Worker Emiles-MacBook-Pro.local#02 has ended.
2021-03-05T08:30:28+00:00 Emiles-MacBook-Pro.local#00 I: Used 2 worker during test execution.
2021-03-05T08:30:28+00:00 Emiles-MacBook-Pro.local#00 I: Run 2 tests with shard Emiles-MacBook-Pro.local#01.
2021-03-05T08:30:28+00:00 Emiles-MacBook-Pro.local#00 I: Run 2 tests with shard Emiles-MacBook-Pro.local#02.
2021-03-05T08:30:28+00:00 Emiles-MacBook-Pro.local#00 I: Check health of shard Emiles-MacBook-Pro.local#01, 4 times.
2021-03-05T08:30:28+00:00 Emiles-MacBook-Pro.local#00 I: Check health of shard Emiles-MacBook-Pro.local#02, 1 times.
2021-03-05T08:30:28+00:00 Emiles-MacBook-Pro.local#00 I: ==============
2021-03-05T08:30:28+00:00 Emiles-MacBook-Pro.local#00 I: Summary:
2021-03-05T08:30:28+00:00 Emiles-MacBook-Pro.local#00 I: Test all:3:Problem C.2 is successful.
2021-03-05T08:30:28+00:00 Emiles-MacBook-Pro.local#00 I: Test all:2:Problem C.1 is successful.
2021-03-05T08:30:28+00:00 Emiles-MacBook-Pro.local#00 I: Test all:1:Problem B.2 is successful.
2021-03-05T08:30:28+00:00 Emiles-MacBook-Pro.local#00 I: Test all:0:Problem B.1 is successful.
2021-03-05T08:30:28+00:00 Emiles-MacBook-Pro.local#00 I: Ran: 4 tests in: 0.11 seconds.
2021-03-05T08:30:28+00:00 Emiles-MacBook-Pro.local#00 I: Cases: 4.
2021-03-05T08:30:28+00:00 Emiles-MacBook-Pro.local#00 I: Tried: 4.
2021-03-05T08:30:28+00:00 Emiles-MacBook-Pro.local#00 I: Errors: 0.
2021-03-05T08:30:28+00:00 Emiles-MacBook-Pro.local#00 I: Failures: 0.
2021-03-05T08:30:28+00:00 Emiles-MacBook-Pro.local#00 I: Skip: 0.
2021-03-05T08:30:28+00:00 Emiles-MacBook-Pro.local#00 I: Todo: 0.
2021-03-05T08:30:28+00:00 Emiles-MacBook-Pro.local#00 I: Timeout: 0.
